0 info it worked if it ends with ok
1 verbose cli [ '/usr/bin/node', '/usr/bin/npm', 'uninstall', 'nodemon' ]
2 info using npm@1.4.28
3 info using node@v0.10.32
4 verbose node symlink /usr/bin/node
5 verbose node_modules/nodemon unbuild
6 info preuninstall nodemon@1.2.1
7 info uninstall nodemon@1.2.1
8 verbose true,/home/student/Documents/team-kiwi-mango/Sportana/node_modules,/home/student/Documents/team-kiwi-mango/Sportana/node_modules unbuild nodemon@1.2.1
9 verbose /home/student/Documents/team-kiwi-mango/Sportana/node_modules/.bin,[object Object] binRoot
10 info postuninstall nodemon@1.2.1
11 error Error: EACCES, unlink '/home/student/Documents/team-kiwi-mango/Sportana/node_modules/nodemon/node_modules/update-notifier/node_modules/.bin/semver'
11 error  { [Error: EACCES, unlink '/home/student/Documents/team-kiwi-mango/Sportana/node_modules/nodemon/node_modules/update-notifier/node_modules/.bin/semver']
11 error   errno: 3,
11 error   code: 'EACCES',
11 error   path: '/home/student/Documents/team-kiwi-mango/Sportana/node_modules/nodemon/node_modules/update-notifier/node_modules/.bin/semver' }
12 error Please try running this command again as root/Administrator.
13 error System Linux 3.13.0-37-generic
14 error command "/usr/bin/node" "/usr/bin/npm" "uninstall" "nodemon"
15 error cwd /home/student/Documents/team-kiwi-mango/Sportana
16 error node -v v0.10.32
17 error npm -v 1.4.28
18 error path /home/student/Documents/team-kiwi-mango/Sportana/node_modules/nodemon/node_modules/update-notifier/node_modules/.bin/semver
19 error code EACCES
20 error errno 3
21 error stack Error: EACCES, unlink '/home/student/Documents/team-kiwi-mango/Sportana/node_modules/nodemon/node_modules/update-notifier/node_modules/.bin/semver'
22 verbose exit [ 3, true ]
